{
  "RSpec": {
    "coverage": {
      "/Users/sdonova3/Makers/bookmark_challenge/app.rb": {
        "lines": [
          1,
          1,
          null,
          1,
          1,
          1,
          0,
          null,
          null,
          1,
          1,
          null,
          null
        ]
      },
      "/Users/sdonova3/Makers/bookmark_challenge/spec/features/homepage_spec.rb": {
        "lines": [
          1,
          1,
          1,
          1,
          null,
          null,
          null
        ]
      }
    },
    "timestamp": 1635782067
  }
}
